mode: atomic
github.com/bpowers/seshcookie/example/auth.go:43.76,45.16 2 0
github.com/bpowers/seshcookie/example/auth.go:45.16,49.3 3 0
github.com/bpowers/seshcookie/example/auth.go:51.2,53.22 2 0
github.com/bpowers/seshcookie/example/auth.go:54.16,55.27 1 0
github.com/bpowers/seshcookie/example/auth.go:55.27,58.4 2 0
github.com/bpowers/seshcookie/example/auth.go:59.3,60.17 2 0
github.com/bpowers/seshcookie/example/auth.go:60.17,62.4 1 0
github.com/bpowers/seshcookie/example/auth.go:63.3,65.54 3 0
github.com/bpowers/seshcookie/example/auth.go:65.54,70.4 3 0
github.com/bpowers/seshcookie/example/auth.go:72.3,79.71 5 0
github.com/bpowers/seshcookie/example/auth.go:79.71,83.4 3 0
github.com/bpowers/seshcookie/example/auth.go:85.3,86.9 2 0
github.com/bpowers/seshcookie/example/auth.go:88.17,89.78 1 0
github.com/bpowers/seshcookie/example/auth.go:89.78,91.4 1 0
github.com/bpowers/seshcookie/example/auth.go:92.3,93.9 2 0
github.com/bpowers/seshcookie/example/auth.go:97.2,97.28 1 0
github.com/bpowers/seshcookie/example/auth.go:97.28,100.3 2 0
github.com/bpowers/seshcookie/example/auth.go:102.2,102.30 1 0
github.com/bpowers/seshcookie/example/auth.go:105.13,132.16 2 0
github.com/bpowers/seshcookie/example/auth.go:132.16,134.3 1 0
github.com/bpowers/seshcookie/example/auth.go:136.2,137.62 2 0
github.com/bpowers/seshcookie/example/auth.go:137.62,139.3 1 0
github.com/bpowers/seshcookie/example/session.pb.go:41.31,46.2 4 0
github.com/bpowers/seshcookie/example/session.pb.go:48.39,50.2 1 0
github.com/bpowers/seshcookie/example/session.pb.go:52.37,52.38 0 0
github.com/bpowers/seshcookie/example/session.pb.go:54.59,56.14 2 0
github.com/bpowers/seshcookie/example/session.pb.go:56.14,58.34 2 0
github.com/bpowers/seshcookie/example/session.pb.go:58.34,60.4 1 0
github.com/bpowers/seshcookie/example/session.pb.go:61.3,61.12 1 0
github.com/bpowers/seshcookie/example/session.pb.go:63.2,63.24 1 0
github.com/bpowers/seshcookie/example/session.pb.go:67.50,69.2 1 0
github.com/bpowers/seshcookie/example/session.pb.go:71.44,72.14 1 0
github.com/bpowers/seshcookie/example/session.pb.go:72.14,74.3 1 0
github.com/bpowers/seshcookie/example/session.pb.go:75.2,75.11 1 0
github.com/bpowers/seshcookie/example/session.pb.go:78.44,79.14 1 0
github.com/bpowers/seshcookie/example/session.pb.go:79.14,81.3 1 0
github.com/bpowers/seshcookie/example/session.pb.go:82.2,82.10 1 0
github.com/bpowers/seshcookie/example/session.pb.go:85.43,86.14 1 0
github.com/bpowers/seshcookie/example/session.pb.go:86.14,88.3 1 0
github.com/bpowers/seshcookie/example/session.pb.go:89.2,89.12 1 0
github.com/bpowers/seshcookie/example/session.pb.go:108.46,109.43 1 0
github.com/bpowers/seshcookie/example/session.pb.go:109.43,111.3 1 0
github.com/bpowers/seshcookie/example/session.pb.go:112.2,112.39 1 0
github.com/bpowers/seshcookie/example/session.pb.go:127.13,127.42 1 0
github.com/bpowers/seshcookie/example/session.pb.go:128.32,129.31 1 0
github.com/bpowers/seshcookie/example/session.pb.go:129.31,131.3 1 0
github.com/bpowers/seshcookie/example/session.pb.go:132.2,148.34 5 0
github.com/bpowers/seshcookie/seshcookie.go:105.66,108.24 3 6
github.com/bpowers/seshcookie/seshcookie.go:108.24,110.3 1 1
github.com/bpowers/seshcookie/seshcookie.go:112.2,115.39 2 5
github.com/bpowers/seshcookie/seshcookie.go:115.39,120.3 2 3
github.com/bpowers/seshcookie/seshcookie.go:122.2,122.21 1 5
github.com/bpowers/seshcookie/seshcookie.go:127.72,129.24 2 5
github.com/bpowers/seshcookie/seshcookie.go:129.24,131.3 1 1
github.com/bpowers/seshcookie/seshcookie.go:132.2,134.12 3 4
github.com/bpowers/seshcookie/seshcookie.go:139.63,141.24 2 2
github.com/bpowers/seshcookie/seshcookie.go:141.24,143.3 1 1
github.com/bpowers/seshcookie/seshcookie.go:144.2,147.12 4 1
github.com/bpowers/seshcookie/seshcookie.go:152.95,155.39 1 6
github.com/bpowers/seshcookie/seshcookie.go:155.39,157.3 1 0
github.com/bpowers/seshcookie/seshcookie.go:160.2,160.68 1 6
github.com/bpowers/seshcookie/seshcookie.go:160.68,162.3 1 0
github.com/bpowers/seshcookie/seshcookie.go:165.2,166.16 2 6
github.com/bpowers/seshcookie/seshcookie.go:166.16,168.3 1 0
github.com/bpowers/seshcookie/seshcookie.go:171.2,171.21 1 6
github.com/bpowers/seshcookie/seshcookie.go:171.21,173.3 1 5
github.com/bpowers/seshcookie/seshcookie.go:176.2,183.16 3 6
github.com/bpowers/seshcookie/seshcookie.go:183.16,185.3 1 0
github.com/bpowers/seshcookie/seshcookie.go:187.2,187.23 1 6
github.com/bpowers/seshcookie/seshcookie.go:192.108,195.23 2 4
github.com/bpowers/seshcookie/seshcookie.go:195.23,197.3 1 0
github.com/bpowers/seshcookie/seshcookie.go:200.2,201.60 2 4
github.com/bpowers/seshcookie/seshcookie.go:201.60,203.3 1 0
github.com/bpowers/seshcookie/seshcookie.go:206.2,206.30 1 4
github.com/bpowers/seshcookie/seshcookie.go:206.30,209.34 3 4
github.com/bpowers/seshcookie/seshcookie.go:209.34,211.4 1 1
github.com/bpowers/seshcookie/seshcookie.go:215.2,215.29 1 3
github.com/bpowers/seshcookie/seshcookie.go:215.29,217.3 1 0
github.com/bpowers/seshcookie/seshcookie.go:221.2,223.62 2 3
github.com/bpowers/seshcookie/seshcookie.go:223.62,226.3 1 0
github.com/bpowers/seshcookie/seshcookie.go:228.2,228.40 1 3
github.com/bpowers/seshcookie/seshcookie.go:234.141,236.16 2 6
github.com/bpowers/seshcookie/seshcookie.go:236.16,238.3 1 0
github.com/bpowers/seshcookie/seshcookie.go:241.2,241.22 1 6
github.com/bpowers/seshcookie/seshcookie.go:241.22,243.3 1 0
github.com/bpowers/seshcookie/seshcookie.go:246.2,250.16 4 6
github.com/bpowers/seshcookie/seshcookie.go:250.16,252.3 1 0
github.com/bpowers/seshcookie/seshcookie.go:254.2,254.36 1 6
github.com/bpowers/seshcookie/seshcookie.go:254.36,256.3 1 0
github.com/bpowers/seshcookie/seshcookie.go:258.2,259.59 2 6
github.com/bpowers/seshcookie/seshcookie.go:259.59,261.3 1 0
github.com/bpowers/seshcookie/seshcookie.go:263.2,264.16 2 6
github.com/bpowers/seshcookie/seshcookie.go:264.16,266.3 1 0
github.com/bpowers/seshcookie/seshcookie.go:268.2,270.79 2 6
github.com/bpowers/seshcookie/seshcookie.go:276.132,280.16 3 5
github.com/bpowers/seshcookie/seshcookie.go:280.16,282.3 1 0
github.com/bpowers/seshcookie/seshcookie.go:284.2,285.16 2 5
github.com/bpowers/seshcookie/seshcookie.go:285.16,287.3 1 0
github.com/bpowers/seshcookie/seshcookie.go:289.2,289.37 1 5
github.com/bpowers/seshcookie/seshcookie.go:289.37,291.3 1 0
github.com/bpowers/seshcookie/seshcookie.go:294.2,297.16 3 5
github.com/bpowers/seshcookie/seshcookie.go:297.16,299.3 1 0
github.com/bpowers/seshcookie/seshcookie.go:301.2,302.16 2 5
github.com/bpowers/seshcookie/seshcookie.go:302.16,304.3 1 1
github.com/bpowers/seshcookie/seshcookie.go:306.2,310.16 4 4
github.com/bpowers/seshcookie/seshcookie.go:310.16,312.3 1 1
github.com/bpowers/seshcookie/seshcookie.go:314.2,314.51 1 3
github.com/bpowers/seshcookie/seshcookie.go:317.61,318.43 1 3
github.com/bpowers/seshcookie/seshcookie.go:318.43,320.3 1 0
github.com/bpowers/seshcookie/seshcookie.go:321.2,321.37 1 3
github.com/bpowers/seshcookie/seshcookie.go:324.43,326.72 2 5
github.com/bpowers/seshcookie/seshcookie.go:326.72,328.3 1 3
github.com/bpowers/seshcookie/seshcookie.go:330.2,331.24 2 5
github.com/bpowers/seshcookie/seshcookie.go:331.24,333.3 1 0
github.com/bpowers/seshcookie/seshcookie.go:336.2,339.12 3 5
github.com/bpowers/seshcookie/seshcookie.go:339.12,342.26 1 1
github.com/bpowers/seshcookie/seshcookie.go:342.26,351.4 6 1
github.com/bpowers/seshcookie/seshcookie.go:352.3,352.9 1 1
github.com/bpowers/seshcookie/seshcookie.go:356.2,357.16 2 4
github.com/bpowers/seshcookie/seshcookie.go:357.16,360.3 2 0
github.com/bpowers/seshcookie/seshcookie.go:363.2,363.56 1 4
github.com/bpowers/seshcookie/seshcookie.go:363.56,365.3 1 1
github.com/bpowers/seshcookie/seshcookie.go:367.2,374.28 7 3
github.com/bpowers/seshcookie/seshcookie.go:377.51,382.45 1 5
github.com/bpowers/seshcookie/seshcookie.go:382.45,384.3 1 5
github.com/bpowers/seshcookie/seshcookie.go:386.2,386.36 1 5
github.com/bpowers/seshcookie/seshcookie.go:389.75,392.2 1 1
github.com/bpowers/seshcookie/seshcookie.go:394.94,398.16 3 6
github.com/bpowers/seshcookie/seshcookie.go:398.16,400.3 1 3
github.com/bpowers/seshcookie/seshcookie.go:402.2,403.16 2 3
github.com/bpowers/seshcookie/seshcookie.go:403.16,406.40 1 1
github.com/bpowers/seshcookie/seshcookie.go:406.41,408.4 0 0
github.com/bpowers/seshcookie/seshcookie.go:409.3,409.24 1 1
github.com/bpowers/seshcookie/seshcookie.go:412.2,412.37 1 2
github.com/bpowers/seshcookie/seshcookie.go:415.75,434.2 7 6
github.com/bpowers/seshcookie/seshcookie.go:450.105,451.15 1 5
github.com/bpowers/seshcookie/seshcookie.go:451.15,453.3 1 1
github.com/bpowers/seshcookie/seshcookie.go:457.2,463.19 4 4
github.com/bpowers/seshcookie/seshcookie.go:463.19,466.3 2 0
github.com/bpowers/seshcookie/seshcookie.go:468.2,468.29 1 4
github.com/bpowers/seshcookie/seshcookie.go:468.29,470.3 1 0
github.com/bpowers/seshcookie/seshcookie.go:472.2,472.24 1 4
github.com/bpowers/seshcookie/seshcookie.go:472.24,474.3 1 0
github.com/bpowers/seshcookie/seshcookie.go:476.2,480.8 1 4
github.com/bpowers/seshcookie/session.pb.go:45.35,50.2 4 4
github.com/bpowers/seshcookie/session.pb.go:52.43,54.2 1 0
github.com/bpowers/seshcookie/session.pb.go:56.41,56.42 0 0
github.com/bpowers/seshcookie/session.pb.go:58.63,60.14 2 10
github.com/bpowers/seshcookie/session.pb.go:60.14,62.34 2 10
github.com/bpowers/seshcookie/session.pb.go:62.34,64.4 1 10
github.com/bpowers/seshcookie/session.pb.go:65.3,65.12 1 10
github.com/bpowers/seshcookie/session.pb.go:67.2,67.24 1 0
github.com/bpowers/seshcookie/session.pb.go:71.54,73.2 1 0
github.com/bpowers/seshcookie/session.pb.go:75.64,76.14 1 0
github.com/bpowers/seshcookie/session.pb.go:76.14,78.3 1 0
github.com/bpowers/seshcookie/session.pb.go:79.2,79.12 1 0
github.com/bpowers/seshcookie/session.pb.go:82.51,83.14 1 0
github.com/bpowers/seshcookie/session.pb.go:83.14,85.3 1 0
github.com/bpowers/seshcookie/session.pb.go:86.2,86.12 1 0
github.com/bpowers/seshcookie/session.pb.go:104.46,105.43 1 0
github.com/bpowers/seshcookie/session.pb.go:105.43,107.3 1 0
github.com/bpowers/seshcookie/session.pb.go:108.2,108.39 1 0
github.com/bpowers/seshcookie/session.pb.go:127.13,127.42 1 1
github.com/bpowers/seshcookie/session.pb.go:128.32,129.31 1 1
github.com/bpowers/seshcookie/session.pb.go:129.31,131.3 1 0
github.com/bpowers/seshcookie/session.pb.go:132.2,148.34 5 1
github.com/bpowers/seshcookie/test.pb.go:38.31,43.2 4 3
github.com/bpowers/seshcookie/test.pb.go:45.39,47.2 1 0
github.com/bpowers/seshcookie/test.pb.go:49.37,49.38 0 0
github.com/bpowers/seshcookie/test.pb.go:51.59,53.14 2 86
github.com/bpowers/seshcookie/test.pb.go:53.14,55.34 2 76
github.com/bpowers/seshcookie/test.pb.go:55.34,57.4 1 18
github.com/bpowers/seshcookie/test.pb.go:58.3,58.12 1 76
github.com/bpowers/seshcookie/test.pb.go:60.2,60.24 1 10
github.com/bpowers/seshcookie/test.pb.go:64.50,66.2 1 0
github.com/bpowers/seshcookie/test.pb.go:68.40,69.14 1 0
github.com/bpowers/seshcookie/test.pb.go:69.14,71.3 1 0
github.com/bpowers/seshcookie/test.pb.go:72.2,72.10 1 0
github.com/bpowers/seshcookie/test.pb.go:75.40,76.14 1 0
github.com/bpowers/seshcookie/test.pb.go:76.14,78.3 1 0
github.com/bpowers/seshcookie/test.pb.go:79.2,79.11 1 0
github.com/bpowers/seshcookie/test.pb.go:82.42,83.14 1 0
github.com/bpowers/seshcookie/test.pb.go:83.14,85.3 1 0
github.com/bpowers/seshcookie/test.pb.go:86.2,86.10 1 0
github.com/bpowers/seshcookie/test.pb.go:106.43,107.40 1 0
github.com/bpowers/seshcookie/test.pb.go:107.40,109.3 1 0
github.com/bpowers/seshcookie/test.pb.go:110.2,110.36 1 0
github.com/bpowers/seshcookie/test.pb.go:125.13,125.39 1 1
github.com/bpowers/seshcookie/test.pb.go:126.29,127.28 1 1
github.com/bpowers/seshcookie/test.pb.go:127.28,129.3 1 0
github.com/bpowers/seshcookie/test.pb.go:130.2,146.31 5 1
